<?xml version="1.0" encoding="UTF-8"?>
<!-- Generated by org.testng.reporters.JUnitReportReporter -->
<testsuite hostname="Sunil" failures="0" tests="1" name="com.sgtesting.pageobjectmodel.CreateCustomerPOM" time="0.277" errors="0" timestamp="2022-08-04T09:00:16 IST" skipped="0">
  <testcase classname="com.sgtesting.pageobjectmodel.CreateCustomerPOM" name="deleteCustomer" time="0.277"/>
  <system-out/>
</testsuite> <!-- com.sgtesting.pageobjectmodel.CreateCustomerPOM -->
